[4.49462386e-03 7.54428849e-03 7.49321143e-03 3.36220542e-02
 2.34363000e-03 1.99712545e-03 5.59993195e-04 2.55821435e-03
 2.14774426e-03 3.01803477e-04 4.08033956e-03 1.03233867e-02
 1.47471425e-03 9.76713000e-03 1.40650357e-03 9.67022429e-03
 8.43539483e-03 4.99441142e-03 3.56078405e-03 1.67902528e-04
 7.93027447e-03 4.94318084e-03 2.58012143e-03 2.18689289e-03
 1.07468953e-02 6.19295264e-02 3.77307469e-02 6.60887898e-03
 7.14764329e-02 4.52376876e-03 2.40363759e-05 2.16636757e-05
 4.02429071e-07 0.00000000e+00 4.13703387e-02 2.03583332e-03
 1.09374687e-02 2.33088538e-02 4.94834462e-03 5.46705814e-03
 6.96710008e-04 9.95793331e-04 3.50668785e-03 7.44403478e-02
 6.22776488e-03 0.00000000e+00 1.68738133e-02 6.21645052e-03
 5.08530254e-06 0.00000000e+00 0.00000000e+00 1.20480463e-04
 7.39282478e-04 8.96189401e-04 1.90141674e-03 1.71941346e-01
 0.00000000e+00 0.00000000e+00 0.00000000e+00 0.00000000e+00
 0.00000000e+00 8.87987321e-03 7.45091312e-04 9.44885951e-03
 1.76920873e-03 7.57904400e-02 5.94105487e-02 3.14421083e-04
 1.30340194e-01 5.71676467e-03 3.01799754e-04 6.08087009e-04
 5.44863125e-04 4.89855084e-03 2.21737368e-04 1.33584708e-05
 7.20635397e-04]
Elapsed time to compute the importances: 0.009 seconds
